<?xml version="1.0" encoding="UTF-8"?>
<coverage generated="1736779966075" clover="3.2.0">
  <project timestamp="1736779966075" name="All files">
    <metrics statements="54" coveredstatements="42" conditionals="31" coveredconditionals="16" methods="10" coveredmethods="9" elements="95" coveredelements="67" complexity="0" loc="54" ncloc="54" packages="1" files="1" classes="1"/>
    <file name="index.js" path="/home/tim/Documents/Cours/S7/Validation_Code/TP1/src/index.js">
      <metrics statements="54" coveredstatements="42" conditionals="31" coveredconditionals="16" methods="10" coveredmethods="9"/>
      <line num="1" count="3" type="stmt"/>
      <line num="3" count="1" type="stmt"/>
      <line num="4" count="2" type="cond" truecount="4" falsecount="0"/>
      <line num="5" count="1" type="stmt"/>
      <line num="8" count="1" type="stmt"/>
      <line num="11" count="1" type="cond" truecount="0" falsecount="1"/>
      <line num="12" count="11" type="stmt"/>
      <line num="14" count="11" type="cond" truecount="2" falsecount="0"/>
      <line num="15" count="1" type="stmt"/>
      <line num="18" count="10" type="stmt"/>
      <line num="19" count="93" type="stmt"/>
      <line num="22" count="10" type="stmt"/>
      <line num="25" count="5" type="stmt"/>
      <line num="27" count="1" type="stmt"/>
      <line num="28" count="2" type="stmt"/>
      <line num="30" count="2" type="stmt"/>
      <line num="31" count="5" type="stmt"/>
      <line num="34" count="2" type="stmt"/>
      <line num="37" count="1" type="stmt"/>
      <line num="38" count="6" type="cond" truecount="2" falsecount="0"/>
      <line num="39" count="3" type="stmt"/>
      <line num="42" count="3" type="stmt"/>
      <line num="45" count="1" type="stmt"/>
      <line num="46" count="13675" type="cond" truecount="2" falsecount="0"/>
      <line num="47" count="3" type="stmt"/>
      <line num="50" count="13672" type="cond" truecount="4" falsecount="0"/>
      <line num="51" count="6840" type="stmt"/>
      <line num="54" count="6832" type="stmt"/>
      <line num="57" count="1" type="stmt"/>
      <line num="58" count="2" type="stmt"/>
      <line num="59" count="2" type="stmt"/>
      <line num="61" count="2" type="stmt"/>
      <line num="62" count="52" type="stmt"/>
      <line num="65" count="2" type="stmt"/>
      <line num="68" count="1" type="stmt"/>
      <line num="69" count="4" type="cond" truecount="2" falsecount="0"/>
      <line num="70" count="1" type="stmt"/>
      <line num="73" count="3" type="stmt"/>
      <line num="75" count="3" type="stmt"/>
      <line num="76" count="6" type="stmt"/>
      <line num="79" count="3" type="stmt"/>
      <line num="82" count="1" type="stmt"/>
      <line num="83" count="0" type="stmt"/>
      <line num="85" count="0" type="stmt"/>
      <line num="86" count="0" type="stmt"/>
      <line num="88" count="0" type="cond" truecount="0" falsecount="4"/>
      <line num="89" count="0" type="stmt"/>
      <line num="91" count="0" type="cond" truecount="0" falsecount="4"/>
      <line num="92" count="0" type="stmt"/>
      <line num="94" count="0" type="cond" truecount="0" falsecount="4"/>
      <line num="95" count="0" type="stmt"/>
      <line num="97" count="0" type="cond" truecount="0" falsecount="2"/>
      <line num="98" count="0" type="stmt"/>
      <line num="102" count="0" type="stmt"/>
    </file>
  </project>
</coverage>
