{"/home/tim/Documents/Cours/S7/Validation_Code/TP1/src/index.js": {"path":"/home/tim/Documents/Cours/S7/Validation_Code/TP1/src/index.js","statementMap":{"0":{"start":{"line":1,"column":33},"end":{"line":1,"column":48}},"1":{"start":{"line":1,"column":40},"end":{"line":1,"column":48}},"2":{"start":{"line":3,"column":19},"end":{"line":9,"column":1}},"3":{"start":{"line":4,"column":2},"end":{"line":6,"column":3}},"4":{"start":{"line":5,"column":4},"end":{"line":5,"column":13}},"5":{"start":{"line":8,"column":2},"end":{"line":8,"column":15}},"6":{"start":{"line":11,"column":31},"end":{"line":23,"column":1}},"7":{"start":{"line":12,"column":14},"end":{"line":12,"column":15}},"8":{"start":{"line":14,"column":2},"end":{"line":16,"column":3}},"9":{"start":{"line":15,"column":4},"end":{"line":15,"column":17}},"10":{"start":{"line":18,"column":2},"end":{"line":20,"column":3}},"11":{"start":{"line":19,"column":4},"end":{"line":19,"column":12}},"12":{"start":{"line":22,"column":2},"end":{"line":22,"column":15}},"13":{"start":{"line":25,"column":34},"end":{"line":25,"column":68}},"14":{"start":{"line":25,"column":40},"end":{"line":25,"column":68}},"15":{"start":{"line":27,"column":32},"end":{"line":35,"column":1}},"16":{"start":{"line":28,"column":17},"end":{"line":28,"column":19}},"17":{"start":{"line":30,"column":2},"end":{"line":32,"column":3}},"18":{"start":{"line":30,"column":15},"end":{"line":30,"column":16}},"19":{"start":{"line":31,"column":4},"end":{"line":31,"column":23}},"20":{"start":{"line":34,"column":2},"end":{"line":34,"column":16}},"21":{"start":{"line":37,"column":32},"end":{"line":43,"column":1}},"22":{"start":{"line":38,"column":2},"end":{"line":40,"column":3}},"23":{"start":{"line":39,"column":4},"end":{"line":39,"column":22}},"24":{"start":{"line":42,"column":2},"end":{"line":42,"column":19}},"25":{"start":{"line":45,"column":20},"end":{"line":55,"column":1}},"26":{"start":{"line":46,"column":2},"end":{"line":48,"column":3}},"27":{"start":{"line":47,"column":4},"end":{"line":47,"column":13}},"28":{"start":{"line":50,"column":2},"end":{"line":52,"column":3}},"29":{"start":{"line":51,"column":3},"end":{"line":51,"column":12}},"30":{"start":{"line":54,"column":2},"end":{"line":54,"column":35}},"31":{"start":{"line":57,"column":42},"end":{"line":66,"column":1}},"32":{"start":{"line":58,"column":16},"end":{"line":58,"column":36}},"33":{"start":{"line":59,"column":21},"end":{"line":59,"column":23}},"34":{"start":{"line":61,"column":2},"end":{"line":63,"column":3}},"35":{"start":{"line":61,"column":15},"end":{"line":61,"column":37}},"36":{"start":{"line":62,"column":4},"end":{"line":62,"column":31}},"37":{"start":{"line":65,"column":2},"end":{"line":65,"column":22}},"38":{"start":{"line":68,"column":33},"end":{"line":80,"column":3}},"39":{"start":{"line":69,"column":4},"end":{"line":71,"column":5}},"40":{"start":{"line":70,"column":6},"end":{"line":70,"column":15}},"41":{"start":{"line":73,"column":12},"end":{"line":73,"column":13}},"42":{"start":{"line":75,"column":4},"end":{"line":77,"column":5}},"43":{"start":{"line":76,"column":6},"end":{"line":76,"column":13}},"44":{"start":{"line":79,"column":4},"end":{"line":79,"column":13}},"45":{"start":{"line":82,"column":36},"end":{"line":103,"column":1}},"46":{"start":{"line":83,"column":18},"end":{"line":83,"column":20}},"47":{"start":{"line":85,"column":2},"end":{"line":100,"column":3}},"48":{"start":{"line":85,"column":15},"end":{"line":85,"column":16}},"49":{"start":{"line":86,"column":21},"end":{"line":86,"column":27}},"50":{"start":{"line":88,"column":4},"end":{"line":90,"column":5}},"51":{"start":{"line":89,"column":6},"end":{"line":89,"column":47}},"52":{"start":{"line":91,"column":4},"end":{"line":93,"column":5}},"53":{"start":{"line":92,"column":6},"end":{"line":92,"column":47}},"54":{"start":{"line":94,"column":4},"end":{"line":96,"column":5}},"55":{"start":{"line":95,"column":6},"end":{"line":95,"column":47}},"56":{"start":{"line":97,"column":4},"end":{"line":99,"column":5}},"57":{"start":{"line":98,"column":6},"end":{"line":98,"column":47}},"58":{"start":{"line":102,"column":2},"end":{"line":102,"column":26}}},"fnMap":{"0":{"name":"(anonymous_0)","decl":{"start":{"line":1,"column":33},"end":{"line":1,"column":34}},"loc":{"start":{"line":1,"column":40},"end":{"line":1,"column":48}},"line":1},"1":{"name":"(anonymous_1)","decl":{"start":{"line":3,"column":19},"end":{"line":3,"column":20}},"loc":{"start":{"line":3,"column":29},"end":{"line":9,"column":1}},"line":3},"2":{"name":"(anonymous_2)","decl":{"start":{"line":11,"column":31},"end":{"line":11,"column":32}},"loc":{"start":{"line":11,"column":45},"end":{"line":23,"column":1}},"line":11},"3":{"name":"(anonymous_3)","decl":{"start":{"line":25,"column":34},"end":{"line":25,"column":35}},"loc":{"start":{"line":25,"column":40},"end":{"line":25,"column":68}},"line":25},"4":{"name":"(anonymous_4)","decl":{"start":{"line":27,"column":32},"end":{"line":27,"column":33}},"loc":{"start":{"line":27,"column":41},"end":{"line":35,"column":1}},"line":27},"5":{"name":"(anonymous_5)","decl":{"start":{"line":37,"column":32},"end":{"line":37,"column":33}},"loc":{"start":{"line":37,"column":41},"end":{"line":43,"column":1}},"line":37},"6":{"name":"(anonymous_6)","decl":{"start":{"line":45,"column":20},"end":{"line":45,"column":21}},"loc":{"start":{"line":45,"column":27},"end":{"line":55,"column":1}},"line":45},"7":{"name":"(anonymous_7)","decl":{"start":{"line":57,"column":42},"end":{"line":57,"column":43}},"loc":{"start":{"line":57,"column":48},"end":{"line":66,"column":1}},"line":57},"8":{"name":"(anonymous_8)","decl":{"start":{"line":68,"column":33},"end":{"line":68,"column":34}},"loc":{"start":{"line":68,"column":42},"end":{"line":80,"column":3}},"line":68},"9":{"name":"(anonymous_9)","decl":{"start":{"line":82,"column":36},"end":{"line":82,"column":37}},"loc":{"start":{"line":82,"column":45},"end":{"line":103,"column":1}},"line":82}},"branchMap":{"0":{"loc":{"start":{"line":4,"column":2},"end":{"line":6,"column":3}},"type":"if","locations":[{"start":{"line":4,"column":2},"end":{"line":6,"column":3}},{"start":{},"end":{}}],"line":4},"1":{"loc":{"start":{"line":4,"column":6},"end":{"line":4,"column":50}},"type":"binary-expr","locations":[{"start":{"line":4,"column":6},"end":{"line":4,"column":26}},{"start":{"line":4,"column":30},"end":{"line":4,"column":50}}],"line":4},"2":{"loc":{"start":{"line":11,"column":32},"end":{"line":11,"column":40}},"type":"default-arg","locations":[{"start":{"line":11,"column":38},"end":{"line":11,"column":40}}],"line":11},"3":{"loc":{"start":{"line":14,"column":2},"end":{"line":16,"column":3}},"type":"if","locations":[{"start":{"line":14,"column":2},"end":{"line":16,"column":3}},{"start":{},"end":{}}],"line":14},"4":{"loc":{"start":{"line":38,"column":2},"end":{"line":40,"column":3}},"type":"if","locations":[{"start":{"line":38,"column":2},"end":{"line":40,"column":3}},{"start":{},"end":{}}],"line":38},"5":{"loc":{"start":{"line":46,"column":2},"end":{"line":48,"column":3}},"type":"if","locations":[{"start":{"line":46,"column":2},"end":{"line":48,"column":3}},{"start":{},"end":{}}],"line":46},"6":{"loc":{"start":{"line":50,"column":2},"end":{"line":52,"column":3}},"type":"if","locations":[{"start":{"line":50,"column":2},"end":{"line":52,"column":3}},{"start":{},"end":{}}],"line":50},"7":{"loc":{"start":{"line":50,"column":6},"end":{"line":50,"column":22}},"type":"binary-expr","locations":[{"start":{"line":50,"column":6},"end":{"line":50,"column":12}},{"start":{"line":50,"column":16},"end":{"line":50,"column":22}}],"line":50},"8":{"loc":{"start":{"line":69,"column":4},"end":{"line":71,"column":5}},"type":"if","locations":[{"start":{"line":69,"column":4},"end":{"line":71,"column":5}},{"start":{},"end":{}}],"line":69},"9":{"loc":{"start":{"line":88,"column":4},"end":{"line":90,"column":5}},"type":"if","locations":[{"start":{"line":88,"column":4},"end":{"line":90,"column":5}},{"start":{},"end":{}}],"line":88},"10":{"loc":{"start":{"line":88,"column":9},"end":{"line":88,"column":39}},"type":"binary-expr","locations":[{"start":{"line":88,"column":9},"end":{"line":88,"column":22}},{"start":{"line":88,"column":26},"end":{"line":88,"column":39}}],"line":88},"11":{"loc":{"start":{"line":91,"column":4},"end":{"line":93,"column":5}},"type":"if","locations":[{"start":{"line":91,"column":4},"end":{"line":93,"column":5}},{"start":{},"end":{}}],"line":91},"12":{"loc":{"start":{"line":91,"column":9},"end":{"line":91,"column":40}},"type":"binary-expr","locations":[{"start":{"line":91,"column":9},"end":{"line":91,"column":22}},{"start":{"line":91,"column":26},"end":{"line":91,"column":40}}],"line":91},"13":{"loc":{"start":{"line":94,"column":4},"end":{"line":96,"column":5}},"type":"if","locations":[{"start":{"line":94,"column":4},"end":{"line":96,"column":5}},{"start":{},"end":{}}],"line":94},"14":{"loc":{"start":{"line":94,"column":9},"end":{"line":94,"column":39}},"type":"binary-expr","locations":[{"start":{"line":94,"column":9},"end":{"line":94,"column":22}},{"start":{"line":94,"column":26},"end":{"line":94,"column":39}}],"line":94},"15":{"loc":{"start":{"line":97,"column":4},"end":{"line":99,"column":5}},"type":"if","locations":[{"start":{"line":97,"column":4},"end":{"line":99,"column":5}},{"start":{},"end":{}}],"line":97}},"s":{"0":1,"1":3,"2":1,"3":2,"4":1,"5":1,"6":1,"7":11,"8":11,"9":1,"10":10,"11":93,"12":10,"13":1,"14":5,"15":1,"16":2,"17":2,"18":2,"19":5,"20":2,"21":1,"22":6,"23":3,"24":3,"25":1,"26":13675,"27":3,"28":13672,"29":6840,"30":6832,"31":1,"32":2,"33":2,"34":2,"35":2,"36":52,"37":2,"38":1,"39":4,"40":1,"41":3,"42":3,"43":6,"44":3,"45":1,"46":0,"47":0,"48":0,"49":0,"50":0,"51":0,"52":0,"53":0,"54":0,"55":0,"56":0,"57":0,"58":0},"f":{"0":3,"1":2,"2":11,"3":5,"4":2,"5":6,"6":13675,"7":2,"8":4,"9":0},"b":{"0":[1,1],"1":[2,1],"2":[0],"3":[1,10],"4":[3,3],"5":[3,13672],"6":[6840,6832],"7":[13672,11059],"8":[1,3],"9":[0,0],"10":[0,0],"11":[0,0],"12":[0,0],"13":[0,0],"14":[0,0],"15":[0,0]},"_coverageSchema":"1a1c01bbd47fc00a2c39e90264f33305004495a9","hash":"788908920f80cbf6d9e21373a682f180c6e0a8e8"}
}
