TN:
SF:src/index.js
FN:1,(anonymous_0)
FN:3,(anonymous_1)
FN:11,(anonymous_2)
FN:25,(anonymous_3)
FN:27,(anonymous_4)
FN:37,(anonymous_5)
FN:45,(anonymous_6)
FN:57,(anonymous_7)
FN:68,(anonymous_8)
FN:82,(anonymous_9)
FNF:10
FNH:9
FNDA:3,(anonymous_0)
FNDA:2,(anonymous_1)
FNDA:11,(anonymous_2)
FNDA:5,(anonymous_3)
FNDA:2,(anonymous_4)
FNDA:6,(anonymous_5)
FNDA:13675,(anonymous_6)
FNDA:2,(anonymous_7)
FNDA:4,(anonymous_8)
FNDA:0,(anonymous_9)
DA:1,3
DA:3,1
DA:4,2
DA:5,1
DA:8,1
DA:11,1
DA:12,11
DA:14,11
DA:15,1
DA:18,10
DA:19,93
DA:22,10
DA:25,5
DA:27,1
DA:28,2
DA:30,2
DA:31,5
DA:34,2
DA:37,1
DA:38,6
DA:39,3
DA:42,3
DA:45,1
DA:46,13675
DA:47,3
DA:50,13672
DA:51,6840
DA:54,6832
DA:57,1
DA:58,2
DA:59,2
DA:61,2
DA:62,52
DA:65,2
DA:68,1
DA:69,4
DA:70,1
DA:73,3
DA:75,3
DA:76,6
DA:79,3
DA:82,1
DA:83,0
DA:85,0
DA:86,0
DA:88,0
DA:89,0
DA:91,0
DA:92,0
DA:94,0
DA:95,0
DA:97,0
DA:98,0
DA:102,0
LF:54
LH:42
BRDA:4,0,0,1
BRDA:4,0,1,1
BRDA:4,1,0,2
BRDA:4,1,1,1
BRDA:11,2,0,0
BRDA:14,3,0,1
BRDA:14,3,1,10
BRDA:38,4,0,3
BRDA:38,4,1,3
BRDA:46,5,0,3
BRDA:46,5,1,13672
BRDA:50,6,0,6840
BRDA:50,6,1,6832
BRDA:50,7,0,13672
BRDA:50,7,1,11059
BRDA:69,8,0,1
BRDA:69,8,1,3
BRDA:88,9,0,0
BRDA:88,9,1,0
BRDA:88,10,0,0
BRDA:88,10,1,0
BRDA:91,11,0,0
BRDA:91,11,1,0
BRDA:91,12,0,0
BRDA:91,12,1,0
BRDA:94,13,0,0
BRDA:94,13,1,0
BRDA:94,14,0,0
BRDA:94,14,1,0
BRDA:97,15,0,0
BRDA:97,15,1,0
BRF:31
BRH:16
end_of_record
